Attaching to pyfractal-1
pyfractal-1  | main
pyfractal-1  | /app/src/compress
pyfractal-1  | 0 101m
pyfractal-1  | 
pyfractal-1  | Graph with 1221 nodes and 1248 edges
pyfractal-1  | 1 155c
pyfractal-1  | 
pyfractal-1  | Graph with 971 nodes and 998 edges
pyfractal-1  | 2 16vp
pyfractal-1  | 
pyfractal-1  | Graph with 2457 nodes and 2521 edges
pyfractal-1  | 3 1914
pyfractal-1  | 
pyfractal-1  | Graph with 1383 nodes and 1397 edges
pyfractal-1  | 4 1a0h
pyfractal-1  | 
pyfractal-1  | Graph with 6698 nodes and 6852 edges
pyfractal-1  | 5 1a17
pyfractal-1  | 
pyfractal-1  | Graph with 1281 nodes and 1303 edges
pyfractal-1  | 6 1a1v
pyfractal-1  | 
pyfractal-1  | Graph with 3968 nodes and 3786 edges
pyfractal-1  | 7 1a2y
pyfractal-1  | 
pyfractal-1  | Graph with 2728 nodes and 2743 edges
pyfractal-1  | 8 1a2z
pyfractal-1  | 
pyfractal-1  | Graph with 6972 nodes and 7079 edges
pyfractal-1  | 9 1a34
pyfractal-1  | 
pyfractal-1  | Graph with 2899 nodes and 1346 edges
pyfractal-1  | 10 1a41
pyfractal-1  | 
pyfractal-1  | Graph with 2073 nodes and 2031 edges
pyfractal-1  | 11 1a4b
pyfractal-1  | 
pyfractal-1  | Graph with 2398 nodes and 2349 edges
pyfractal-1  | 12 1a4g
pyfractal-1  | 
pyfractal-1  | Graph with 6072 nodes and 6229 edges
pyfractal-1  | 13 1a4x
pyfractal-1  | 
pyfractal-1  | Graph with 2601 nodes and 2594 edges
pyfractal-1  | 14 1a6f
pyfractal-1  | 
pyfractal-1  | Graph with 950 nodes and 963 edges
pyfractal-1  | 15 1a6j
pyfractal-1  | 
pyfractal-1  | Graph with 2383 nodes and 2394 edges
pyfractal-1  | 16 1a6q
pyfractal-1  | 
pyfractal-1  | Graph with 2821 nodes and 2876 edges
pyfractal-1  | 17 1a6r
pyfractal-1  | 
pyfractal-1  | Graph with 3703 nodes and 3783 edges
pyfractal-1  | 18 1a79
pyfractal-1  | 
pyfractal-1  | Graph with 5584 nodes and 5689 edges
pyfractal-1  | 19 1a7j
pyfractal-1  | 
pyfractal-1  | Graph with 2187 nodes and 2234 edges
pyfractal-1  | 20 1a7k
pyfractal-1  | 
pyfractal-1  | Graph with 10860 nodes and 11061 edges
pyfractal-1  | 21 1a9o
pyfractal-1  | 
pyfractal-1  | Graph with 2239 nodes and 2288 edges
pyfractal-1  | 22 1ac5
pyfractal-1  | 
pyfractal-1  | Graph with 4546 nodes and 4496 edges
pyfractal-1  | 23 1adj
pyfractal-1  | 
pyfractal-1  | Graph with 13236 nodes and 13478 edges
pyfractal-1  | 24 1ado
pyfractal-1  | 
pyfractal-1  | Graph with 13592 nodes and 13206 edges
pyfractal-1  | 25 1afq
pyfractal-1  | 
pyfractal-1  | Graph with 1745 nodes and 1743 edges
pyfractal-1  | 26 1ah1
pyfractal-1  | 
pyfractal-1  | Graph with 1907 nodes and 1156 edges
pyfractal-1  | 27 1aih
pyfractal-1  | 
pyfractal-1  | Graph with 5348 nodes and 5443 edges
pyfractal-1  | 28 1air
pyfractal-1  | 
pyfractal-1  | Graph with 3271 nodes and 3192 edges
pyfractal-1  | 29 1aj0
pyfractal-1  | 
pyfractal-1  | Graph with 2147 nodes and 2184 edges
pyfractal-1  | 30 1ajb
pyfractal-1  | 
pyfractal-1  | Graph with 6600 nodes and 6710 edges
pyfractal-1  | 31 1ajk
pyfractal-1  | 
pyfractal-1  | Graph with 3284 nodes and 3374 edges
pyfractal-1  | 32 1ak2
pyfractal-1  | 
pyfractal-1  | Graph with 1699 nodes and 1730 edges
pyfractal-1  | 33 1aka
pyfractal-1  | 
pyfractal-1  | Graph with 6324 nodes and 6462 edges
pyfractal-1  | 34 1alq
pyfractal-1  | 
pyfractal-1  | Graph with 2033 nodes and 2062 edges
pyfractal-1  | 35 1amu
pyfractal-1  | 
pyfractal-1  | Graph with 7897 nodes and 8063 edges
pyfractal-1  | 36 1aoc
pyfractal-1  | 
pyfractal-1  | Graph with 2743 nodes and 2785 edges
pyfractal-1  | 37 1aol
pyfractal-1  | 
pyfractal-1  | Graph with 1785 nodes and 1855 edges
pyfractal-1  | 38 1aom
pyfractal-1  | 
pyfractal-1  | Graph with 7782 nodes and 7959 edges
pyfractal-1  | 39 1aoz
pyfractal-1  | 
pyfractal-1  | Graph with 8732 nodes and 9017 edges
pyfractal-1  | 40 1apy
pyfractal-1  | 
pyfractal-1  | Graph with 4520 nodes and 4597 edges
pyfractal-1  | 41 1aqe
pyfractal-1  | 
pyfractal-1  | Graph with 1051 nodes and 1030 edges
pyfractal-1  | 42 1aqz
pyfractal-1  | 
pyfractal-1  | Graph with 2272 nodes and 2335 edges
pyfractal-1  | 43 1arz
pyfractal-1  | 
pyfractal-1  | Graph with 7878 nodes and 7953 edges
pyfractal-1  | 44 1as3
pyfractal-1  | 
pyfractal-1  | Graph with 2640 nodes and 2682 edges
pyfractal-1  | 45 1ash
pyfractal-1  | 
pyfractal-1  | Graph with 1239 nodes and 1272 edges
pyfractal-1  | 46 1ass
pyfractal-1  | 
pyfractal-1  | Graph with 1175 nodes and 1184 edges
pyfractal-1  | 47 1atg
pyfractal-1  | 
pyfractal-1  | Graph with 1721 nodes and 1762 edges
pyfractal-1  | 48 1avq
pyfractal-1  | 
pyfractal-1  | Graph with 5486 nodes and 5570 edges
pyfractal-1  | 49 1axi
pyfractal-1  | 
pyfractal-1  | Graph with 2934 nodes and 2991 edges
pyfractal-1  | 50 1ay2
pyfractal-1  | 
pyfractal-1  | Graph with 1208 nodes and 1230 edges
pyfractal-1  | 51 1ayo
pyfractal-1  | 
pyfractal-1  | Graph with 2037 nodes and 2080 edges
pyfractal-1  | 52 1azo
pyfractal-1  | 
pyfractal-1  | Graph with 1680 nodes and 1714 edges
pyfractal-1  | 53 1azt
pyfractal-1  | 
pyfractal-1  | Graph with 5560 nodes and 5664 edges
pyfractal-1  | 54 1b11
pyfractal-1  | 
pyfractal-1  | Graph with 900 nodes and 910 edges
pyfractal-1  | 55 1b12
pyfractal-1  | 
pyfractal-1  | Graph with 7113 nodes and 7278 edges
pyfractal-1  | 56 1b1b
pyfractal-1  | 
pyfractal-1  | Graph with 1300 nodes and 1251 edges
pyfractal-1  | 57 1b2s
pyfractal-1  | 
pyfractal-1  | Graph with 4786 nodes and 4750 edges
pyfractal-1  | 58 1b49
pyfractal-1  | 
pyfractal-1  | Graph with 3944 nodes and 4037 edges
pyfractal-1  | 59 1b54
pyfractal-1  | 
pyfractal-1  | Graph with 1838 nodes and 1866 edges
pyfractal-1  | 60 1b5f
pyfractal-1  | 
pyfractal-1  | Graph with 5000 nodes and 5067 edges
pyfractal-1  | 61 1b5l
pyfractal-1  | 
pyfractal-1  | Graph with 1234 nodes and 1257 edges
pyfractal-1  | 62 1b5o
pyfractal-1  | 
pyfractal-1  | Graph with 5882 nodes and 5998 edges
pyfractal-1  | 63 1b63
pyfractal-1  | 
pyfractal-1  | Graph with 2618 nodes and 2665 edges
pyfractal-1  | 64 1b6r
pyfractal-1  | 
pyfractal-1  | Graph with 2737 nodes and 2804 edges
pyfractal-1  | 65 1b7g
pyfractal-1  | 
pyfractal-1  | Graph with 5268 nodes and 5338 edges
pyfractal-1  | 66 1b8g
pyfractal-1  | 
pyfractal-1  | Graph with 6685 nodes and 6821 edges
pyfractal-1  | 67 1b90
pyfractal-1  | 
pyfractal-1  | Graph with 4119 nodes and 4235 edges
pyfractal-1  | 68 1b93
pyfractal-1  | 
pyfractal-1  | Graph with 3396 nodes and 3436 edges
pyfractal-1  | 69 1bdj
pyfractal-1  | 
pyfractal-1  | Graph with 1898 nodes and 1916 edges
pyfractal-1  | 70 1bev
pyfractal-1  | 
pyfractal-1  | Graph with 6159 nodes and 6274 edges
pyfractal-1  | 71 1bff
pyfractal-1  | 
pyfractal-1  | Graph with 1039 nodes and 1060 edges
pyfractal-1  | 72 1bgp
pyfractal-1  | 
pyfractal-1  | Graph with 2370 nodes and 2416 edges
pyfractal-1  | 73 1bhg
pyfractal-1  | 
pyfractal-1  | Graph with 9980 nodes and 10273 edges
pyfractal-1  | 74 1bht
pyfractal-1  | 
pyfractal-1  | Graph with 2822 nodes and 2887 edges
pyfractal-1  | 75 1bif
pyfractal-1  | 
pyfractal-1  | Graph with 3506 nodes and 3571 edges
pyfractal-1  | 76 1bih
pyfractal-1  | 
pyfractal-1  | Graph with 6096 nodes and 6238 edges
pyfractal-1  | 77 1bik
pyfractal-1  | 
pyfractal-1  | Graph with 827 nodes and 852 edges
pyfractal-1  | 78 1bj4
pyfractal-1  | 
pyfractal-1  | Graph with 3616 nodes and 3689 edges
pyfractal-1  | 79 1bja
pyfractal-1  | 
pyfractal-1  | Graph with 1422 nodes and 1426 edges
pyfractal-1  | 80 1bk0
pyfractal-1  | 
pyfractal-1  | Graph with 2631 nodes and 2706 edges
pyfractal-1  | 81 1bk4
pyfractal-1  | 
pyfractal-1  | Graph with 2393 nodes and 2434 edges
pyfractal-1  | 82 1bkj
pyfractal-1  | 
pyfractal-1  | Graph with 3385 nodes and 3434 edges
pyfractal-1  | 83 1bmo
pyfractal-1  | 
pyfractal-1  | Graph with 3794 nodes and 3843 edges
pyfractal-1  | 84 1bnc
pyfractal-1  | 
pyfractal-1  | Graph with 6617 nodes and 6719 edges
pyfractal-1  | 85 1bqh
pyfractal-1  | 
pyfractal-1  | Graph with 10148 nodes and 10262 edges
pyfractal-1  | 86 1bqu
pyfractal-1  | 
pyfractal-1  | Graph with 3358 nodes and 3432 edges
pyfractal-1  | 87 1brw
pyfractal-1  | 
pyfractal-1  | Graph with 6438 nodes and 6518 edges
pyfractal-1  | 88 1bs4
pyfractal-1  | 
pyfractal-1  | Graph with 4038 nodes and 3970 edges
pyfractal-1  | 89 1bsi
pyfractal-1  | 
pyfractal-1  | Graph with 3938 nodes and 4057 edges
pyfractal-1  | 90 1bsj
pyfractal-1  | 
pyfractal-1  | Graph with 1329 nodes and 1344 edges
pyfractal-1  | 91 1btc
pyfractal-1  | 
pyfractal-1  | Graph with 3929 nodes and 4036 edges
pyfractal-1  | 92 1bte
pyfractal-1  | 
pyfractal-1  | Graph with 1484 nodes and 1522 edges
pyfractal-1  | 93 1bvb
pyfractal-1  | 
pyfractal-1  | Graph with 1655 nodes and 1700 edges
pyfractal-1  | 94 1bvy
pyfractal-1  | 
pyfractal-1  | Graph with 8224 nodes and 8376 edges
pyfractal-1  | 95 1bw9
pyfractal-1  | 
pyfractal-1  | Graph with 5030 nodes and 5080 edges
pyfractal-1  | 96 1bx0
pyfractal-1  | 
pyfractal-1  | Graph with 2355 nodes and 2410 edges
pyfractal-1  | 97 1by2
pyfractal-1  | 
pyfractal-1  | Graph with 832 nodes and 845 edges
pyfractal-1  | 98 1bzq
pyfractal-1  | 
pyfractal-1  | Graph with 7544 nodes and 7634 edges
pyfractal-1  | 99 1c1d
pyfractal-1  | 
pyfractal-1  | Graph with 5024 nodes and 5068 edges
pyfractal-1  | 100 1c1z
pyfractal-1  | 
pyfractal-1  | Graph with 2541 nodes and 2627 edges
pyfractal-1  | 101 1c3u
pyfractal-1  | 
pyfractal-1  | Graph with 6716 nodes and 6851 edges
pyfractal-1  | 102 1c41
pyfractal-1  | 
pyfractal-1  | Graph with 12430 nodes and 12461 edges
pyfractal-1  | 103 1c4o
pyfractal-1  | 
pyfractal-1  | Graph with 4057 nodes and 4140 edges
pyfractal-1  | 104 1c52
pyfractal-1  | 
pyfractal-1  | Graph with 1228 nodes and 1200 edges
pyfractal-1  | 105 1c7d
pyfractal-1  | 
pyfractal-1  | Graph with 4396 nodes and 4486 edges
pyfractal-1  | 106 1c7g
pyfractal-1  | 
pyfractal-1  | Graph with 14420 nodes and 14706 edges
pyfractal-1  | 107 1c7s
pyfractal-1  | 
pyfractal-1  | Graph with 6767 nodes and 6935 edges
pyfractal-1  | 108 1c8x
pyfractal-1  | 
pyfractal-1  | Graph with 2017 nodes and 2059 edges
pyfractal-1  | 109 1c8z
pyfractal-1  | 
pyfractal-1  | Graph with 2066 nodes and 2100 edges
pyfractal-1  | 110 1c9k
pyfractal-1  | 
pyfractal-1  | Graph with 3829 nodes and 3849 edges
pyfractal-1  | 111 1caq
pyfractal-1  | 
pyfractal-1  | Graph with 1339 nodes and 1383 edges
pyfractal-1  | 112 1cbf
pyfractal-1  | 
pyfractal-1  | Graph with 1818 nodes and 1846 edges
pyfractal-1  | 113 1cbk
pyfractal-1  | 
pyfractal-1  | Graph with 2580 nodes and 2622 edges
pyfractal-1  | 114 1cbq
pyfractal-1  | 
pyfractal-1  | Graph with 1091 nodes and 1107 edges
pyfractal-1  | 115 1cbu
pyfractal-1  | 
pyfractal-1  | Graph with 4117 nodes and 4135 edges
pyfractal-1  | 116 1cc5
pyfractal-1  | 
pyfractal-1  | Graph with 568 nodes and 575 edges
pyfractal-1  | 117 1cch
pyfractal-1  | 
pyfractal-1  | Graph with 600 nodes and 613 edges
pyfractal-1  | 118 1cd8
pyfractal-1  | 
pyfractal-1  | Graph with 1111 nodes and 1081 edges
pyfractal-1  | 119 1cd9
pyfractal-1  | 
pyfractal-1  | Graph with 5792 nodes and 5911 edges
pyfractal-1  | 120 1cf9
pyfractal-1  | 
pyfractal-1  | Graph with 22976 nodes and 23561 edges
pyfractal-1  | 121 1cfb
pyfractal-1  | 
pyfractal-1  | Graph with 1630 nodes and 1682 edges
pyfractal-1  | 122 1cfm
pyfractal-1  | 
pyfractal-1  | Graph with 5748 nodes and 5823 edges
pyfractal-1  | 123 1cid
pyfractal-1  | 
pyfractal-1  | Graph with 1381 nodes and 1403 edges
pyfractal-1  | 124 1cjm
pyfractal-1  | 
pyfractal-1  | Graph with 1760 nodes and 1814 edges
pyfractal-1  | 125 1ckl
pyfractal-1  | 
pyfractal-1  | Graph with 6108 nodes and 6226 edges
pyfractal-1  | 126 1ckn
pyfractal-1  | 
pyfractal-1  | Graph with 5113 nodes and 5210 edges
pyfractal-1  | 127 1cle
pyfractal-1  | 
pyfractal-1  | Graph with 8072 nodes and 8268 edges
pyfractal-1  | 128 1cli
pyfractal-1  | 
pyfractal-1  | Graph with 9990 nodes and 10142 edges
pyfractal-1  | 129 1cmb
pyfractal-1  | 
pyfractal-1  | Graph with 1690 nodes and 1718 edges
pyfractal-1  | 130 1cnq
pyfractal-1  | 
pyfractal-1  | Graph with 2537 nodes and 2580 edges
pyfractal-1  | 131 1cnt
pyfractal-1  | 
pyfractal-1  | Graph with 4586 nodes and 4620 edges
pyfractal-1  | 132 1cp9
pyfractal-1  | 
pyfractal-1  | Graph with 6009 nodes and 6166 edges
pyfractal-1  | 133 1cpo
pyfractal-1  | 
pyfractal-1  | Graph with 2309 nodes and 2382 edges
pyfractal-1  | 134 1cpy
pyfractal-1  | 
pyfractal-1  | Graph with 3245 nodes and 3348 edges
pyfractal-1  | 135 1cqx
pyfractal-1  | 
pyfractal-1  | Graph with 6316 nodes and 6465 edges
pyfractal-1  | 136 1cr1
pyfractal-1  | 
pyfractal-1  | Graph with 1885 nodes and 1907 edges
pyfractal-1  | 137 1crk
pyfractal-1  | 
pyfractal-1  | Graph with 12144 nodes and 12400 edges
pyfractal-1  | 138 1crx
pyfractal-1  | 
pyfractal-1  | Graph with 6474 nodes and 5101 edges
pyfractal-1  | 139 1cu1
pyfractal-1  | 
pyfractal-1  | Graph with 9614 nodes and 9825 edges
pyfractal-1  | 140 1cvs
pyfractal-1  | 
pyfractal-1  | Graph with 5153 nodes and 5228 edges
pyfractal-1  | 141 1cws
pyfractal-1  | 
pyfractal-1  | Graph with 1482 nodes and 1521 edges
pyfractal-1  | 142 1cxa
pyfractal-1  | 
pyfractal-1  | Graph with 906 nodes and 925 edges
pyfractal-1  | 143 1cxp
pyfractal-1  | 
pyfractal-1  | Graph with 9128 nodes and 9307 edges
pyfractal-1  | 144 1cy7
pyfractal-1  | 
pyfractal-1  | Graph with 4485 nodes and 4571 edges
pyfractal-1  | 145 1cyf
pyfractal-1  | 
pyfractal-1  | Graph with 2362 nodes and 2429 edges
pyfractal-1  | 146 1cz3
pyfractal-1  | 
pyfractal-1  | Graph with 2685 nodes and 2698 edges
pyfractal-1  | 147 1d06
pyfractal-1  | 
pyfractal-1  | Graph with 1019 nodes and 1036 edges
pyfractal-1  | 148 1d0k
pyfractal-1  | 
pyfractal-1  | Graph with 2488 nodes and 2555 edges
pyfractal-1  | 149 1d1q
pyfractal-1  | 
pyfractal-1  | Graph with 2592 nodes and 2643 edges
pyfractal-1  | 150 1d1y
pyfractal-1  | 
pyfractal-1  | Graph with 6593 nodes and 6772 edges
pyfractal-1  | 151 1d2m
pyfractal-1  | 
pyfractal-1  | Graph with 4459 nodes and 4548 edges
pyfractal-1  | 152 1d2t
pyfractal-1  | 
pyfractal-1  | Graph with 1696 nodes and 1731 edges
pyfractal-1  | 153 1d4c
pyfractal-1  | 
pyfractal-1  | Graph with 16429 nodes and 16671 edges
pyfractal-1  | 154 1d5w
pyfractal-1  | 
pyfractal-1  | Graph with 2778 nodes and 2777 edges
pyfractal-1  | 155 1d7c
pyfractal-1  | 
pyfractal-1  | Graph with 2864 nodes and 2948 edges
pyfractal-1  | 156 1d7l
pyfractal-1  | 
pyfractal-1  | Graph with 3125 nodes and 3189 edges
pyfractal-1  | 157 1d7p
pyfractal-1  | 
pyfractal-1  | Graph with 1268 nodes and 1301 edges
pyfractal-1  | 158 1d8h
pyfractal-1  | 
pyfractal-1  | Graph with 6939 nodes and 7033 edges
pyfractal-1  | 159 1d8u
pyfractal-1  | 
pyfractal-1  | Graph with 2576 nodes and 2622 edges
pyfractal-1  | 160 1d8y
pyfractal-1  | 
pyfractal-1  | Graph with 4806 nodes and 4818 edges
pyfractal-1  | 161 1d9u
pyfractal-1  | 
pyfractal-1  | Graph with 2448 nodes and 2494 edges
pyfractal-1  | 162 1d9v
pyfractal-1  | 
pyfractal-1  | Graph with 2382 nodes and 2426 edges
pyfractal-1  | 163 1dak
pyfractal-1  | 
pyfractal-1  | Graph with 1692 nodes and 1731 edges
pyfractal-1  | 164 1dbo
pyfractal-1  | 
pyfractal-1  | Graph with 3783 nodes and 3875 edges
pyfractal-1  | 165 1dbs
pyfractal-1  | 
pyfractal-1  | Graph with 1692 nodes and 1731 edges
pyfractal-1  | 166 1dci
pyfractal-1  | 
pyfractal-1  | Graph with 6375 nodes and 6362 edges
pyfractal-1  | 167 1dd1
pyfractal-1  | 
pyfractal-1  | Graph with 5534 nodes and 5611 edges
pyfractal-1  | 168 1dea
pyfractal-1  | 
pyfractal-1  | Graph with 4184 nodes and 4272 edges
pyfractal-1  | 169 1deo
pyfractal-1  | 
pyfractal-1  | Graph with 2109 nodes and 2084 edges
pyfractal-1  | 170 1dew
pyfractal-1  | 
pyfractal-1  | Graph with 5563 nodes and 4471 edges
pyfractal-1  | 171 1df7
pyfractal-1  | 
pyfractal-1  | Graph with 1244 nodes and 1275 edges
pyfractal-1  | 172 1dfj
pyfractal-1  | 
pyfractal-1  | Graph with 4362 nodes and 4405 edges
pyfractal-1  | 173 1dgr
pyfractal-1  | 
pyfractal-1  | Graph with 8347 nodes and 8373 edges
pyfractal-1  | 174 1di7
pyfractal-1  | 
pyfractal-1  | Graph with 1375 nodes and 1398 edges
pyfractal-1  | 175 1dif
pyfractal-1  | 
pyfractal-1  | Graph with 3126 nodes and 1578 edges
pyfractal-1  | 176 1dii
pyfractal-1  | 
pyfractal-1  | Graph with 9168 nodes and 9354 edges
pyfractal-1  | 177 1dj9
pyfractal-1  | 
pyfractal-1  | Graph with 2912 nodes and 2973 edges
pyfractal-1  | 178 1djl
pyfractal-1  | 
pyfractal-1  | Graph with 2754 nodes and 2774 edges
pyfractal-1  | 179 1dk4
pyfractal-1  | 
pyfractal-1  | Graph with 4036 nodes and 4110 edges
pyfractal-1  | 180 1dk8
pyfractal-1  | 
pyfractal-1  | Graph with 1179 nodes and 1202 edges
pyfractal-1  | 181 1dki
pyfractal-1  | 
pyfractal-1  | Graph with 9903 nodes and 10057 edges
pyfractal-1  | 182 1dl2
pyfractal-1  | 
pyfractal-1  | Graph with 4117 nodes and 4229 edges
pyfractal-1  | 183 1dlg
pyfractal-1  | 
pyfractal-1  | Graph with 6270 nodes and 6312 edges
pyfractal-1  | 184 1dli
pyfractal-1  | 
pyfractal-1  | Graph with 3203 nodes and 3253 edges
pyfractal-1  | 185 1dly
pyfractal-1  | 
pyfractal-1  | Graph with 935 nodes and 954 edges
pyfractal-1  | 186 1dm9
pyfractal-1  | 
pyfractal-1  | Graph with 1635 nodes and 1646 edges
pyfractal-1  | 187 1dmu
pyfractal-1  | 
pyfractal-1  | Graph with 2706 nodes and 2411 edges
pyfractal-1  | 188 1do0
pyfractal-1  | 
pyfractal-1  | Graph with 19230 nodes and 19034 edges
pyfractal-1  | 189 1dp4
pyfractal-1  | 
pyfractal-1  | Graph with 6720 nodes and 6868 edges
pyfractal-1  | 190 1dpg
pyfractal-1  | 
pyfractal-1  | Graph with 7680 nodes and 7846 edges
pyfractal-1  | 191 1dqb
pyfractal-1  | 
pyfractal-1  | Graph with 1194 nodes and 752 edges
pyfractal-1  | 192 1dqg
pyfractal-1  | 
pyfractal-1  | Graph with 1085 nodes and 1112 edges
pyfractal-1  | 193 1dqt
pyfractal-1  | 
pyfractal-1  | Graph with 3624 nodes and 3707 edges
pyfractal-1  | 194 1dqv
pyfractal-1  | 
pyfractal-1  | Graph with 2186 nodes and 2237 edges
pyfractal-1  | 195 1dr9
pyfractal-1  | 
pyfractal-1  | Graph with 1603 nodes and 1640 edges
pyfractal-1  | 196 1drf
pyfractal-1  | 
pyfractal-1  | Graph with 1497 nodes and 1532 edges
pyfractal-1  | 197 1drm
pyfractal-1  | 
pyfractal-1  | Graph with 938 nodes and 958 edges
pyfractal-1  | 198 1drz
pyfractal-1  | 
pyfractal-1  | Graph with 2275 nodes and 748 edges
pyfractal-1  | 199 1ds0
pyfractal-1  | 
pyfractal-1  | Graph with 2481 nodes and 2537 edges
pyfractal-1  | 200 1dsy
pyfractal-1  | 
pyfractal-1  | Graph with 1109 nodes and 1136 edges
pyfractal-1  | 201 1dw0
pyfractal-1  | 
pyfractal-1  | Graph with 2390 nodes and 2379 edges
pyfractal-1  | 202 1dw9
pyfractal-1  | 
pyfractal-1  | Graph with 11650 nodes and 11491 edges
pyfractal-1  | 203 1dwa
pyfractal-1  | 
pyfractal-1  | Graph with 4017 nodes and 4141 edges
pyfractal-1  | 204 1dxh
pyfractal-1  | 
pyfractal-1  | Graph with 2669 nodes and 2725 edges
pyfractal-1  | 205 1dxr
pyfractal-1  | 
pyfractal-1  | Graph with 9333 nodes and 9481 edges
pyfractal-1  | 206 1dy2
pyfractal-1  | 
pyfractal-1  | Graph with 1318 nodes and 1354 edges
pyfractal-1  | 207 1dy7
pyfractal-1  | 
pyfractal-1  | Graph with 7567 nodes and 7726 edges
pyfractal-1  | 208 1dzr
pyfractal-1  | 
pyfractal-1  | Graph with 2926 nodes and 2974 edges
pyfractal-1  | 209 1e05
pyfractal-1  | 
pyfractal-1  | Graph with 6535 nodes and 6663 edges
pyfractal-1  | 210 1e08
pyfractal-1  | 
pyfractal-1  | Graph with 4972 nodes and 4936 edges
pyfractal-1  | 211 1e0c
pyfractal-1  | 
pyfractal-1  | Graph with 2091 nodes and 2150 edges
pyfractal-1  | 212 1e0s
pyfractal-1  | 
pyfractal-1  | Graph with 1398 nodes and 1425 edges
pyfractal-1  | 213 1e20
pyfractal-1  | 
pyfractal-1  | Graph with 1457 nodes and 1497 edges
pyfractal-1  | 214 1e25
pyfractal-1  | 
pyfractal-1  | Graph with 2142 nodes and 2179 edges
pyfractal-1  | 215 1e2o
pyfractal-1  | 
pyfractal-1  | Graph with 1726 nodes and 1752 edges
pyfractal-1  | 216 1e3a
pyfractal-1  | 
pyfractal-1  | Graph with 6455 nodes and 6589 edges
pyfractal-1  | 217 1e3p
pyfractal-1  | 
pyfractal-1  | Graph with 4720 nodes and 4785 edges
pyfractal-1  | 218 1e44
pyfractal-1  | 
pyfractal-1  | Graph with 1458 nodes and 1487 edges
pyfractal-1  | 219 1e54
pyfractal-1  | 
pyfractal-1  | Graph with 2518 nodes and 2548 edges
pyfractal-1  | 220 1e5s
pyfractal-1  | 
pyfractal-1  | Graph with 4075 nodes and 4163 edges
pyfractal-1  | 221 1e60
pyfractal-1  | 
pyfractal-1  | Graph with 11868 nodes and 12165 edges
pyfractal-1  | 222 1e6c
pyfractal-1  | 
pyfractal-1  | Graph with 2610 nodes and 2599 edges
pyfractal-1  | 223 1e6d
pyfractal-1  | 
pyfractal-1  | Graph with 6466 nodes and 6653 edges
pyfractal-1  | 224 1e6e
pyfractal-1  | 
pyfractal-1  | Graph with 8699 nodes and 8819 edges
pyfractal-1  | 225 1e6u
pyfractal-1  | 
pyfractal-1  | Graph with 2491 nodes and 2547 edges
pyfractal-1  | 226 1e6z
pyfractal-1  | 
pyfractal-1  | Graph with 7819 nodes and 8002 edges
pyfractal-1  | 227 1e79
pyfractal-1  | 
pyfractal-1  | Graph with 25232 nodes and 25443 edges
pyfractal-1  | 228 1e7p
pyfractal-1  | 
pyfractal-1  | Graph with 36268 nodes and 36762 edges
pyfractal-1  | 229 1e88
pyfractal-1  | 
pyfractal-1  | Graph with 2366 nodes and 1511 edges
pyfractal-1  | 230 1e92
pyfractal-1  | 
pyfractal-1  | Graph with 7806 nodes and 7889 edges
pyfractal-1  | 231 1e9j
pyfractal-1  | 
pyfractal-1  | Graph with 1379 nodes and 857 edges
pyfractal-1  | 232 1e9r
pyfractal-1  | 
pyfractal-1  | Graph with 19681 nodes and 19969 edges
pyfractal-1  | 233 1eak
pyfractal-1  | 
pyfractal-1  | Graph with 13349 nodes and 13738 edges
pyfractal-1  | 234 1edu
pyfractal-1  | 
pyfractal-1  | Graph with 1162 nodes and 1175 edges
pyfractal-1  | 235 1ef1
pyfractal-1  | 
pyfractal-1  | Graph with 6136 nodes and 6186 edges
pyfractal-1  | 236 1eg9
pyfractal-1  | 
pyfractal-1  | Graph with 5088 nodes and 5194 edges
pyfractal-1  | 237 1ehh
pyfractal-1  | 
pyfractal-1  | Graph with 1266 nodes and 1310 edges
pyfractal-1  | 238 1ei1
pyfractal-1  | 
pyfractal-1  | Graph with 6056 nodes and 6133 edges
pyfractal-1  | 239 1eil
pyfractal-1  | 
pyfractal-1  | Graph with 2240 nodes and 2301 edges
pyfractal-1  | 240 1eje
pyfractal-1  | 
pyfractal-1  | Graph with 1467 nodes and 1502 edges
pyfractal-1  | 241 1ejf
pyfractal-1  | 
pyfractal-1  | Graph with 1840 nodes and 1884 edges
pyfractal-1  | 242 1ekj
pyfractal-1  | 
pyfractal-1  | Graph with 13138 nodes and 13406 edges
pyfractal-1  | 243 1eku
pyfractal-1  | 
pyfractal-1  | Graph with 4195 nodes and 4255 edges
pyfractal-1  | 244 1elv
pyfractal-1  | 
pyfractal-1  | Graph with 2333 nodes and 2397 edges
pyfractal-1  | 245 1eo9
pyfractal-1  | 
pyfractal-1  | Graph with 3530 nodes and 3601 edges
pyfractal-1  | 246 1eom
pyfractal-1  | 
pyfractal-1  | Graph with 2181 nodes and 2232 edges
pyfractal-1  | 247 1ep5
pyfractal-1  | 
pyfractal-1  | Graph with 3549 nodes and 3587 edges
pyfractal-1  | 248 1epw
pyfractal-1  | 
pyfractal-1  | Graph with 10586 nodes and 10817 edges
pyfractal-1  | 249 1eqf
pyfractal-1  | 
pyfractal-1  | Graph with 2192 nodes and 2239 edges
pyfractal-1  | 250 1eqm
pyfractal-1  | 
pyfractal-1  | Graph with 1267 nodes and 1299 edges
pyfractal-1  | 251 1esj
pyfractal-1  | 
pyfractal-1  | Graph with 6240 nodes and 6256 edges
pyfractal-1  | 252 1esw
pyfractal-1  | 
pyfractal-1  | Graph with 4064 nodes and 4205 edges
pyfractal-1  | 253 1eth
pyfractal-1  | 
pyfractal-1  | Graph with 10224 nodes and 9895 edges
pyfractal-1  | 254 1etp
pyfractal-1  | 
pyfractal-1  | Graph with 2756 nodes and 2796 edges
pyfractal-1  | 255 1eu3
pyfractal-1  | 
pyfractal-1  | Graph with 3416 nodes and 3473 edges
pyfractal-1  | 256 1euc
pyfractal-1  | 
pyfractal-1  | Graph with 5228 nodes and 5280 edges
pyfractal-1  | 257 1eud
pyfractal-1  | 
pyfractal-1  | Graph with 5221 nodes and 5282 edges
pyfractal-1  | 258 1euz
pyfractal-1  | 
pyfractal-1  | Graph with 19337 nodes and 19678 edges
pyfractal-1  | 259 1ev4
pyfractal-1  | 
pyfractal-1  | Graph with 5236 nodes and 5286 edges
pyfractal-1  | 260 1evx
pyfractal-1  | 
pyfractal-1  | Graph with 2490 nodes and 2567 edges
pyfractal-1  | 261 1ew2
pyfractal-1  | 
pyfractal-1  | Graph with 3652 nodes and 3735 edges
pyfractal-1  | 262 1ew6
pyfractal-1  | 
pyfractal-1  | Graph with 2182 nodes and 2209 edges
pyfractal-1  | 263 1ewq
pyfractal-1  | 
pyfractal-1  | Graph with 12654 nodes and 11895 edges
pyfractal-1  | 264 1ewt
pyfractal-1  | 
pyfractal-1  | Graph with 7248 nodes and 7411 edges
pyfractal-1  | 265 1ex0
pyfractal-1  | 
pyfractal-1  | Graph with 11379 nodes and 11608 edges
pyfractal-1  | 266 1ext
pyfractal-1  | 
pyfractal-1  | Graph with 2471 nodes and 2527 edges
pyfractal-1  | 267 1exu
pyfractal-1  | 
pyfractal-1  | Graph with 2756 nodes and 2819 edges
pyfractal-1  | 268 1eyl
pyfractal-1  | 
pyfractal-1  | Graph with 1400 nodes and 1437 edges
pyfractal-1  | 269 1eyv
pyfractal-1  | 
pyfractal-1  | Graph with 2008 nodes and 2034 edges
pyfractal-1  | 270 1f0i
pyfractal-1  | 
pyfractal-1  | Graph with 3719 nodes and 3800 edges
pyfractal-1  | 271 1f0k
pyfractal-1  | 
pyfractal-1  | Graph with 5278 nodes and 5388 edges
pyfractal-1  | 272 1f2d
pyfractal-1  | 
pyfractal-1  | Graph with 10428 nodes and 10624 edges
pyfractal-1  | 273 1f3h
pyfractal-1  | 
pyfractal-1  | Graph with 2213 nodes and 2266 edges
pyfractal-1  | 274 1f56
pyfractal-1  | 
pyfractal-1  | Graph with 2070 nodes and 2072 edges
pyfractal-1  | 275 1f5c
pyfractal-1  | 
pyfractal-1  | Graph with 840 nodes and 861 edges
pyfractal-1  | 276 1f5s
pyfractal-1  | 
pyfractal-1  | Graph with 3286 nodes and 3295 edges
pyfractal-1  | 277 1f6a
pyfractal-1  | 
pyfractal-1  | Graph with 4821 nodes and 4904 edges
pyfractal-1  | 278 1f8v
pyfractal-1  | 
pyfractal-1  | Graph with 8494 nodes and 8115 edges
pyfractal-1  | 279 1fb8
pyfractal-1  | 
pyfractal-1  | Graph with 879 nodes and 904 edges
pyfractal-1  | 280 1fbv
pyfractal-1  | 
pyfractal-1  | Graph with 4350 nodes and 4430 edges
pyfractal-1  | 281 1fc4
pyfractal-1  | 
pyfractal-1  | Graph with 5897 nodes and 5965 edges
pyfractal-1  | 282 1fcd
pyfractal-1  | 
pyfractal-1  | Graph with 8724 nodes and 8873 edges
pyfractal-1  | 283 1fcf
pyfractal-1  | 
pyfractal-1  | Graph with 2861 nodes and 2903 edges
pyfractal-1  | 284 1fcv
pyfractal-1  | 
pyfractal-1  | Graph with 2681 nodes and 2756 edges
pyfractal-1  | 285 1fdt
pyfractal-1  | 
pyfractal-1  | Graph with 2181 nodes and 2219 edges
pyfractal-1  | 286 1ff3
pyfractal-1  | 
pyfractal-1  | Graph with 4576 nodes and 4676 edges
pyfractal-1  | 287 1ff9
pyfractal-1  | 
pyfractal-1  | Graph with 3423 nodes and 3487 edges
pyfractal-1  | 288 1fft
pyfractal-1  | 
pyfractal-1  | Graph with 15930 nodes and 16150 edges
pyfractal-1  | 289 1fi1
pyfractal-1  | 
pyfractal-1  | Graph with 5523 nodes and 5665 edges
pyfractal-1  | 290 1fik
pyfractal-1  | 
pyfractal-1  | Graph with 1046 nodes and 1064 edges
pyfractal-1  | 291 1fj0
pyfractal-1  | 
pyfractal-1  | Graph with 3388 nodes and 3427 edges
pyfractal-1  | 292 1fjm
pyfractal-1  | 
pyfractal-1  | Graph with 4613 nodes and 4692 edges
pyfractal-1  | 293 1fjr
pyfractal-1  | 
pyfractal-1  | Graph with 3056 nodes and 3130 edges
pyfractal-1  | 294 1fl7
pyfractal-1  | 
pyfractal-1  | Graph with 2987 nodes and 3035 edges
pyfractal-1  | 295 1flc
pyfractal-1  | 
pyfractal-1  | Graph with 13700 nodes and 13902 edges
pyfractal-1  | 296 1fmi
pyfractal-1  | 
pyfractal-1  | Graph with 3682 nodes and 3785 edges
pyfractal-1  | 297 1foe
pyfractal-1  | 
pyfractal-1  | Graph with 17265 nodes and 17061 edges
pyfractal-1  | 298 1fpp
pyfractal-1  | 
pyfractal-1  | Graph with 5842 nodes and 5969 edges
pyfractal-1  | 299 1fpz
pyfractal-1  | 
pyfractal-1  | Graph with 8340 nodes and 8411 edges
pyfractal-1  | 300 1fsj
pyfractal-1  | 
pyfractal-1  | Graph with 4205 nodes and 4269 edges
pyfractal-1  | 301 1fsu
pyfractal-1  | 
pyfractal-1  | Graph with 3800 nodes and 3926 edges
pyfractal-1  | 302 1fte
pyfractal-1  | 
pyfractal-1  | Graph with 2692 nodes and 2664 edges
pyfractal-1  | 303 1fv1
pyfractal-1  | 
pyfractal-1  | Graph with 6248 nodes and 6351 edges
pyfractal-1  | 304 1fv2
pyfractal-1  | 
pyfractal-1  | Graph with 3648 nodes and 3732 edges
pyfractal-1  | 305 1fvi
pyfractal-1  | 
pyfractal-1  | Graph with 2123 nodes and 2165 edges
pyfractal-1  | 306 1fwy
pyfractal-1  | 
pyfractal-1  | Graph with 4975 nodes and 5034 edges
pyfractal-1  | 307 1fx2
pyfractal-1  | 
pyfractal-1  | Graph with 1856 nodes and 1900 edges
pyfractal-1  | 308 1fx7
pyfractal-1  | 
pyfractal-1  | Graph with 6871 nodes and 6907 edges
pyfractal-1  | 309 1fxj
pyfractal-1  | 
pyfractal-1  | Graph with 4986 nodes and 5043 edges
pyfractal-1  | 310 1fzd
pyfractal-1  | 
pyfractal-1  | Graph with 12680 nodes and 13025 edges
pyfractal-1  | 311 1fzj
pyfractal-1  | 
pyfractal-1  | Graph with 3116 nodes and 3153 edges
pyfractal-1  | 312 1g0d
pyfractal-1  | 
pyfractal-1  | Graph with 5283 nodes and 5411 edges
pyfractal-1  | 313 1g0w
pyfractal-1  | 
pyfractal-1  | Graph with 2949 nodes and 3004 edges
pyfractal-1  | 314 1g1a
pyfractal-1  | 
pyfractal-1  | Graph with 11196 nodes and 11381 edges
pyfractal-1  | 315 1g1s
pyfractal-1  | 
pyfractal-1  | Graph with 2745 nodes and 2789 edges
pyfractal-1  | 316 1g2i
pyfractal-1  | 
pyfractal-1  | Graph with 3846 nodes and 3888 edges
pyfractal-1  | 317 1g2p
pyfractal-1  | 
pyfractal-1  | Graph with 1317 nodes and 1347 edges
pyfractal-1  | 318 1g31
pyfractal-1  | 
pyfractal-1  | Graph with 5698 nodes and 5715 edges
pyfractal-1  | 319 1g3p
pyfractal-1  | 
pyfractal-1  | Graph with 1500 nodes and 1541 edges
pyfractal-1  | 320 1g3u
pyfractal-1  | 
pyfractal-1  | Graph with 1542 nodes and 1569 edges
pyfractal-1  | 321 1g4y
pyfractal-1  | 
pyfractal-1  | Graph with 1838 nodes and 1843 edges
pyfractal-1  | 322 1g55
pyfractal-1  | 
pyfractal-1  | Graph with 2466 nodes and 2510 edges
pyfractal-1  | 323 1g5b
pyfractal-1  | 
pyfractal-1  | Graph with 5315 nodes and 5400 edges
pyfractal-1  | 324 1g6t
pyfractal-1  | 
pyfractal-1  | Graph with 3232 nodes and 3282 edges
pyfractal-1  | 325 1g71
pyfractal-1  | 
pyfractal-1  | Graph with 5704 nodes and 5739 edges
pyfractal-1  | 326 1g7y
pyfractal-1  | 
pyfractal-1  | Graph with 11044 nodes and 11268 edges
pyfractal-1  | 327 1g82
pyfractal-1  | 
pyfractal-1  | Graph with 5145 nodes and 5241 edges
pyfractal-1  | 328 1g87
pyfractal-1  | 
pyfractal-1  | Graph with 9570 nodes and 9823 edges
pyfractal-1  | 329 1g8f
pyfractal-1  | 
pyfractal-1  | Graph with 4077 nodes and 4173 edges
pyfractal-1  | 330 1g8i
pyfractal-1  | 
pyfractal-1  | Graph with 2998 nodes and 3041 edges
pyfractal-1  | 331 1g8k
pyfractal-1  | 
pyfractal-1  | Graph with 29680 nodes and 30082 edges
pyfractal-1  | 332 1g9m
pyfractal-1  | 
pyfractal-1  | Graph with 7149 nodes and 7251 edges
pyfractal-1  | 333 1gai
pyfractal-1  | 
pyfractal-1  | Graph with 4340 nodes and 4275 edges
pyfractal-1  | 334 1gcz
pyfractal-1  | 
pyfractal-1  | Graph with 2672 nodes and 2697 edges
pyfractal-1  | 335 1gg0
pyfractal-1  | 
pyfractal-1  | Graph with 2018 nodes and 2054 edges
pyfractal-1  | 336 1gg6
pyfractal-1  | 
pyfractal-1  | Graph with 1751 nodes and 1755 edges
pyfractal-1  | 337 1gik
pyfractal-1  | 
pyfractal-1  | Graph with 2053 nodes and 2092 edges
pyfractal-1  | 338 1gju
pyfractal-1  | 
pyfractal-1  | Graph with 5208 nodes and 5357 edges
pyfractal-1  | 339 1gk0
pyfractal-1  | 
