Errors log for ligand_PO4Traceback (most recent call last):
  File "/usr/local/lib/python3.10/http/client.py", line 566, in _get_chunk_left
    chunk_left = self._read_next_chunk_size()
  File "/usr/local/lib/python3.10/http/client.py", line 533, in _read_next_chunk_size
    return int(line, 16)
ValueError: invalid literal for int() with base 16: b''

During handling of the above exception, another exception occurred:

Traceback (most recent call last):
  File "/usr/local/lib/python3.10/http/client.py", line 583, in _read_chunked
    chunk_left = self._get_chunk_left()
  File "/usr/local/lib/python3.10/http/client.py", line 568, in _get_chunk_left
    raise IncompleteRead(b'')
http.client.IncompleteRead: IncompleteRead(0 bytes read)

During handling of the above exception, another exception occurred:

Traceback (most recent call last):
  File "/app/src/compress/main.py", line 246, in experimento_1
    graph_with_data, _ = prepare_graph(pdb_data_path, pdb_code, dataset_name, error_path,1)
  File "/app/src/compress/main.py", line 127, in prepare_graph
    raise e
  File "/app/src/compress/main.py", line 125, in prepare_graph
    pdb_file = get_pdb_file(pdb_data_path=pdb_data_path, pdb_code=pdb_code)
  File "/app/src/compress/main.py", line 109, in get_pdb_file
    raise e
  File "/app/src/compress/main.py", line 107, in get_pdb_file
    pdb_file = download_pdb(pdb_code, f"{pdb_data_path}/")
  File "/usr/local/lib/python3.10/site-packages/graphein/protein/utils.py", line 256, in download_pdb
    wget.download(
  File "/usr/local/lib/python3.10/site-packages/wget.py", line 526, in download
    (tmpfile, headers) = ulib.urlretrieve(binurl, tmpfile, callback)
  File "/usr/local/lib/python3.10/urllib/request.py", line 270, in urlretrieve
    block = fp.read(bs)
  File "/usr/local/lib/python3.10/http/client.py", line 460, in read
    return self._read_chunked(amt)
  File "/usr/local/lib/python3.10/http/client.py", line 598, in _read_chunked
    raise IncompleteRead(b''.join(value))
http.client.IncompleteRead: IncompleteRead(8183 bytes read)
