Result log for ligand_SO4
Average number of nodes: 668.9656893325016         
Average number of edges: 4976.262632563943     
Time to construct graphs: 334.19580841064453
Number of graphs: 3206
Time to compress: 363.86597514152527
        
Mean time to extract: 0.07115322310554185         
Uncompressed complete graph size: 10276.821418762207        
Uncompressed structure graph size: 10276.821418762207        
Uncompressed edge size: 1.2974472045898438        
Uncompressed node size: 0.28853607177734375        
Uncompressed complete graph serialized: 1161.9099426269531        
Uncompressed edge serialized: 0.1115264892578125        
Uncompressed node serialized: 0.0378265380859375        
        
Compressed graph complete size: 12571.783828735352        
Compressed complete node size: 172.85112762451172         
Compressed complete edge size: 12398.93270111084         
Compressed node attributes size: 58.956642150878906        
Compressed edge attributes size: 8163.994155883789        
Compressed node attributes keys size: 67.71047973632812        
Compressed edge attributes keys size: 1749.792007446289        
Compressed pdb to nodes size: 4.719413757324219        
Compressed pdb to edges size: 25.132400512695312        
Compressed node to id size: 41.46459197998047        
Compressed edge to id size: 2460.0141372680664        
        
Compressed graph object size: 11238.050338745117        
Compressed graph complete size serialized: 1009.9862594604492    