Result log for ligand_PO4
Average number of nodes: 750.6584590945195         
Average number of edges: 5603.317712470214     
Time to construct graphs: 152.02724695205688
Number of graphs: 1259
Time to compress: 156.75669860839844
        
Mean time to extract: 0.05540466763085084         
Uncompressed complete graph size: 4541.556427001953        
Uncompressed structure graph size: 1231.3800964355469        
Uncompressed edge size: 1.9211654663085938        
Uncompressed node size: 0.39306640625        
Uncompressed complete graph serialized: 513.4899826049805        
Uncompressed edge serialized: 0.16539764404296875        
Uncompressed node serialized: 0.05304718017578125        
        
Compressed graph complete size: 6063.76741027832        
Compressed complete node size: 119.86569213867188         
Compressed complete edge size: 5943.901718139648         
Compressed node attributes size: 47.83476257324219        
Compressed edge attributes size: 4709.879493713379        
Compressed node attributes keys size: 44.51203155517578        
Compressed edge attributes keys size: 0.00331878662109375        
Compressed pdb to nodes size: 1.9127960205078125        
Compressed pdb to edges size: 9.448677062988281        
Compressed node to id size: 25.606101989746094        
Compressed edge to id size: 1224.5702285766602        
        
Compressed graph object size: 5458.566558837891        
Compressed graph complete size serialized: 452.3047561645508    