Result log for metals_MG
Average number of nodes: 984.4515771997786         
Average number of edges: 7412.873824017709     
Time to construct graphs: 329.63915729522705
Number of graphs: 1807
Time to compress: 322.3487477302551
        
Mean time to extract: 0.0848071765160785         
Uncompressed complete graph size: 8618.761589050293        
Uncompressed structure graph size: 2328.152763366699        
Uncompressed edge size: 1.5781707763671875        
Uncompressed node size: 0.3331451416015625        
Uncompressed complete graph serialized: 975.1753845214844        
Uncompressed edge serialized: 0.13526153564453125        
Uncompressed node serialized: 0.04441070556640625        
        
Compressed graph complete size: 6641.95304107666        
Compressed complete node size: 208.7387237548828         
Compressed complete edge size: 6433.214317321777         
Compressed node attributes size: 85.39994812011719        
Compressed edge attributes size: 4785.654487609863        
Compressed node attributes keys size: 72.72223663330078        
Compressed edge attributes keys size: 0.00331878662109375        
Compressed pdb to nodes size: 3.544189453125        
Compressed pdb to edges size: 17.03588104248047        
Compressed node to id size: 47.072349548339844        
Compressed edge to id size: 1630.5206298828125        
        
Compressed graph object size: 5926.292335510254        
Compressed graph complete size serialized: 618.2202606201172    