Result log for metals_CA
Average number of nodes: 832.755295836377         
Average number of edges: 6239.018261504748     
Time to construct graphs: 196.76002168655396
Number of graphs: 1369
Time to compress: 189.033597946167
        
Mean time to extract: 0.09043521372570096         
Uncompressed complete graph size: 5497.253486633301        
Uncompressed structure graph size: 5497.253486633301        
Uncompressed edge size: 17.490249633789062        
Uncompressed node size: 2.9359207153320312        
Uncompressed complete graph serialized: 622.7832412719727        
Uncompressed edge serialized: 1.522613525390625        
Uncompressed node serialized: 0.42147064208984375        
        
Compressed graph complete size: 7200.086448669434        
Compressed complete node size: 162.8453140258789         
Compressed complete edge size: 7037.241134643555         
Compressed node attributes size: 56.022064208984375        
Compressed edge attributes size: 4776.744125366211        
Compressed node attributes keys size: 64.22183990478516        
Compressed edge attributes keys size: 908.4248428344727        
Compressed pdb to nodes size: 2.4314956665039062        
Compressed pdb to edges size: 10.800331115722656        
Compressed node to id size: 40.16991424560547        
Compressed edge to id size: 1341.2718353271484        
        
Compressed graph object size: 6425.461380004883        
Compressed graph complete size serialized: 573.9483489990234    