Result log for nicleic_dna
Average number of nodes: 710.4859287054409         
Average number of edges: 5309.384615384615     
Time to construct graphs: 62.67579531669617
Number of graphs: 533
Time to compress: 64.11898350715637
        
Mean time to extract: 0.0685062609738749         
Uncompressed complete graph size: 1823.303207397461        
Uncompressed structure graph size: 1823.303207397461        
Uncompressed edge size: 0.5007247924804688        
Uncompressed node size: 0.15160369873046875        
Uncompressed complete graph serialized: 206.18077087402344        
Uncompressed edge serialized: 0.04233551025390625        
Uncompressed node serialized: 0.01825714111328125        
        
Compressed graph complete size: 2396.3525772094727        
Compressed complete node size: 88.88306427001953         
Compressed complete edge size: 2307.469512939453         
Compressed node attributes size: 30.822959899902344        
Compressed edge attributes size: 1554.4894638061523        
Compressed node attributes keys size: 36.11814880371094        
Compressed edge attributes keys size: 355.9821319580078        
Compressed pdb to nodes size: 0.8102645874023438        
Compressed pdb to edges size: 3.5075149536132812        
Compressed node to id size: 21.131690979003906        
Compressed edge to id size: 393.4904022216797        
        
Compressed graph object size: 2130.410125732422        
Compressed graph complete size serialized: 194.95050811767578    