Result log for nicleic
Average number of nodes: 811.3166666666667         
Average number of edges: 6085.488095238095     
Time to construct graphs: 123.8272008895874
Number of graphs: 840
Time to compress: 117.51231694221497
        
Mean time to extract: 0.08624739419846307         
Uncompressed complete graph size: 3293.8467178344727        
Uncompressed structure graph size: 3293.8467178344727        
Uncompressed edge size: 0.5007247924804688        
Uncompressed node size: 0.15160369873046875        
Uncompressed complete graph serialized: 372.56524658203125        
Uncompressed edge serialized: 0.04233551025390625        
Uncompressed node serialized: 0.01825714111328125        
        
Compressed graph complete size: 4106.678756713867        
Compressed complete node size: 141.55467224121094         
Compressed complete edge size: 3965.1240844726562         
Compressed node attributes size: 47.91455078125        
Compressed edge attributes size: 2720.984519958496        
Compressed node attributes keys size: 55.714683532714844        
Compressed edge attributes keys size: 513.8274383544922        
Compressed pdb to nodes size: 1.4453201293945312        
Compressed pdb to edges size: 5.9875335693359375        
Compressed node to id size: 36.48011779785156        
Compressed edge to id size: 724.324592590332        
        
Compressed graph object size: 3644.958953857422        
Compressed graph complete size serialized: 341.73675537109375    