Result log for nucleotides_NAD
Average number of nodes: nan         
Average number of edges: nan     
Time to construct graphs: 23.29570960998535
Number of graphs: 139
graph structure memory: 175.37416076660156
dict attributes memory: 754.2387828826904
node attributes memory: 0
edge attributes memory: 0

Time to compress: 19.93389081954956
        
Uncompressed complete graph size: 721.8269271850586        
Uncompressed complete graph size serialized: 84.87021446228027        
        
         
Compressed graph: 658.8016662597656        
Compressed graph structure: 183.2441177368164         
         
 pdb_code_to_id: 0.01613616943359375         
 pdb_code_to_id_serialized: 0.0012083053588867188        
         
 pdb_id_to_nodes: 0.26572418212890625         
 pdb_id_to_nodes_serialized: 0.2585439682006836         
        
 pdb_id_to_edges: 1.1160202026367188         
 pdb_id_to_edges_serialized: 1.108952522277832        
        
 node_label_to_node_id: 10.139366149902344        
 node_label_to_node_id_serialized: 0.7975006103515625        
        
 edge_label_to_edge_id: 171.70687103271484        
 edge_label_to_edge_id_serialized: 16.85679340362549        
        
         
Compressed dict attributes: 168.9418716430664         
         
 attr_keys: 0.0008392333984375         
 attr_keys_serialized: 0.00015926361083984375        
        
 attr_values: 168.94103240966797         
 attr_values_serialized: 33.477606773376465        
        
         
Compressed node attributes: 31.228492736816406        
         
 node_global_attr_keyvalue_mapping: 1.0719375610351562         
 node_global_attr_keyvalue_mapping_serialized: 1.071950912475586        
        
 node_local_attr_keyvalue_mapping: 30.15655517578125         
 node_local_attr_keyvalue_mapping_serialized: 2.926694869995117        
        
         
Compressed edge attributes: 275.3871841430664        
         
 edge_local_attr_keyvalue_mapping: 275.3871841430664         
 edge_local_attr_keyvalue_mapping_serialized: 24.425310134887695        
         
        
Compressed graph object size: 587.2599105834961        
Compressed graph complete size serialized: 85.87708282470703        
Compressed graph complete size serialized (sum) 80.1272201538086    