Result log for nucleotides_GDP
Average number of nodes: 751.2118644067797         
Average number of edges: 5614.313559322034     
Time to construct graphs: 13.339393854141235
Number of graphs: 118
Time to compress: 14.551980018615723
        
Mean time to extract: 0.05736130981122033         
Uncompressed complete graph size: 428.60768127441406        
Uncompressed structure graph size: 115.7574234008789        
Uncompressed edge size: 4.945335388183594        
Uncompressed node size: 0.8724441528320312        
Uncompressed complete graph serialized: 48.457252502441406        
Uncompressed edge serialized: 0.43100738525390625        
Uncompressed node serialized: 0.12218475341796875        
        
Compressed graph complete size: 419.0227813720703        
Compressed complete node size: 30.52191925048828         
Compressed complete edge size: 388.50086212158203         
Compressed node attributes size: 11.909133911132812        
Compressed edge attributes size: 286.3881149291992        
Compressed node attributes keys size: 11.997230529785156        
Compressed edge attributes keys size: 0.00331878662109375        
Compressed pdb to nodes size: 0.17739105224609375        
Compressed pdb to edges size: 0.8410263061523438        
Compressed node to id size: 6.438163757324219        
Compressed edge to id size: 101.26840209960938        
        
Compressed graph object size: 371.79503631591797        
Compressed graph complete size serialized: 36.947181701660156    