Result log for nucleotides_UDP
Average number of nodes: 960.8382352941177         
Average number of edges: 7228.044117647059     
Time to construct graphs: 12.01341438293457
Number of graphs: 68
Time to compress: 9.600198745727539
        
Mean time to extract: 0.08263099894804113         
Uncompressed complete graph size: 314.1547622680664        
Uncompressed structure graph size: 83.62293243408203        
Uncompressed edge size: 2.5416488647460938        
Uncompressed node size: 0.48906707763671875        
Uncompressed complete graph serialized: 35.374107360839844        
Uncompressed edge serialized: 0.218658447265625        
Uncompressed node serialized: 0.06769561767578125        
        
Compressed graph complete size: 303.7305679321289        
Compressed complete node size: 38.453941345214844         
Compressed complete edge size: 265.27662658691406         
Compressed node attributes size: 13.163078308105469        
Compressed edge attributes size: 179.96422576904297        
Compressed node attributes keys size: 19.071243286132812        
Compressed edge attributes keys size: 0.00331878662109375        
Compressed pdb to nodes size: 0.1264190673828125        
Compressed pdb to edges size: 0.49703216552734375        
Compressed node to id size: 6.09320068359375        
Compressed edge to id size: 84.81204986572266        
        
Compressed graph object size: 268.8903503417969        
Compressed graph complete size serialized: 30.861251831054688    