Result log for nucleotides_FAD
Average number of nodes: nan         
Average number of edges: nan     
Time to construct graphs: 33.38780236244202
Number of graphs: 168
Time to compress: 26.911702632904053
        
Uncompressed complete graph size: 962.6197814941406        
Uncompressed complete graph size serialized: 113.32427978515625        
        
         
Compressed graph: 899.6094512939453        
Compressed graph structure: 214.92457580566406         
         
 pdb_code_to_id: 0.0185699462890625         
 pdb_code_to_id_serialized: 0.00145721435546875        
         
 pdb_id_to_nodes: 0.35773468017578125         
 pdb_id_to_nodes_serialized: 0.3499736785888672         
        
 pdb_id_to_edges: 1.342193603515625         
 pdb_id_to_edges_serialized: 1.3345680236816406        
        
 node_label_to_node_id: 11.780746459960938        
 node_label_to_node_id_serialized: 1.0694475173950195        
        
 edge_label_to_edge_id: 201.42533111572266        
 edge_label_to_edge_id_serialized: 22.36302375793457        
        
         
Compressed dict attributes: 278.6727600097656         
         
 attr_keys: 0.00078582763671875         
 attr_keys_serialized: 0.00013637542724609375        
        
 attr_values: 278.6719741821289         
 attr_values_serialized: 44.72585582733154        
        
         
Compressed node attributes: 51.85926055908203        
         
 node_global_attr_keyvalue_mapping: 2.828125         
 node_global_attr_keyvalue_mapping_serialized: 2.828144073486328        
        
 node_local_attr_keyvalue_mapping: 49.03113555908203         
 node_local_attr_keyvalue_mapping_serialized: 4.99755859375        
        
         
Compressed edge attributes: 354.1528549194336        
         
 edge_local_attr_keyvalue_mapping: 354.1528549194336         
 edge_local_attr_keyvalue_mapping_serialized: 32.74529838562012        
         
        
Compressed graph object size: 804.5418548583984        
Compressed graph complete size serialized: 117.02717590332031        
Compressed graph complete size serialized (sum) 109.34601593017578    