Result log for soybean_ppigremlin
Average number of nodes: 339.63440860215053         
Average number of edges: 2417.7311827956987     
Time to construct graphs: 5.753337860107422
Number of graphs: 93
Time to compress: 3.6988508701324463
        
Mean time to extract: 0.017152450417959562         
Uncompressed complete graph size: 145.17913818359375        
Uncompressed structure graph size: 39.08534240722656        
Uncompressed edge size: 1.0901718139648438        
Uncompressed node size: 0.2545166015625        
Uncompressed complete graph serialized: 16.36492919921875        
Uncompressed edge serialized: 0.09279632568359375        
Uncompressed node serialized: 0.03319549560546875        
        
Compressed graph complete size: 73.68083190917969        
Compressed complete node size: 15.979019165039062         
Compressed complete edge size: 57.701812744140625         
Compressed node attributes size: 5.368400573730469        
Compressed edge attributes size: 45.13257598876953        
Compressed node attributes keys size: 9.300605773925781        
Compressed edge attributes keys size: 0.00331878662109375        
Compressed pdb to nodes size: 0.07027435302734375        
Compressed pdb to edges size: 0.42644500732421875        
Compressed node to id size: 1.2397384643554688        
Compressed edge to id size: 12.139472961425781        
        
Compressed graph object size: 64.27984619140625        
Compressed graph complete size serialized: 11.815254211425781    